TN:
SF:script/DeployVoting.s.sol
DA:10,17
FN:10,DeployVoting.run
FNDA:17,DeployVoting.run
DA:11,17
DA:12,17
DA:13,17
DA:15,17
FNF:1
FNH:1
LF:5
LH:5
BRF:0
BRH:0
end_of_record
TN:
SF:src/voting.sol
DA:71,17
FN:71,Voting.constructor
FNDA:17,Voting.constructor
DA:72,17
DA:79,16
FN:79,Voting.onlyAdmin
FNDA:16,Voting.onlyAdmin
DA:80,16
BRDA:80,0,0,1
DA:81,1
DA:90,16
FN:90,Voting.setCanditates
FNDA:16,Voting.setCanditates
DA:91,15
BRDA:91,1,0,-
DA:92,0
DA:94,15
BRDA:94,2,0,-
DA:95,0
DA:98,15
DA:99,15
DA:103,15
DA:104,15
DA:106,15
DA:107,15
DA:109,15
DA:110,15
DA:113,14
FN:113,Voting.registerVoting
FNDA:14,Voting.registerVoting
DA:114,14
BRDA:114,3,0,-
DA:115,0
DA:117,14
BRDA:117,4,0,1
DA:118,1
DA:121,13
DA:122,13
DA:125,12
FN:125,Voting.vote
FNDA:12,Voting.vote
DA:126,12
BRDA:126,5,0,1
DA:127,1
DA:130,11
BRDA:130,6,0,1
DA:131,1
DA:134,10
BRDA:134,7,0,1
DA:135,1
DA:137,9
BRDA:137,8,0,1
DA:138,1
DA:140,8
DA:141,8
DA:142,8
DA:145,1
FN:145,Voting.votingResults
FNDA:1,Voting.votingResults
DA:146,5
BRDA:146,9,0,1
DA:147,1
DA:150,4
BRDA:150,10,0,-
BRDA:150,10,1,4
DA:151,0
DA:152,4
BRDA:152,11,0,-
BRDA:152,11,1,4
DA:153,0
DA:155,4
DA:157,4
DA:160,14
FN:160,Voting.checkUpkeep
FNDA:14,Voting.checkUpkeep
DA:162,14
DA:163,10
DA:164,10
BRDA:164,12,0,10
BRDA:161,12,1,4
DA:165,10
DA:166,10
DA:167,4
BRDA:167,13,0,4
DA:168,4
DA:169,4
DA:173,14
FN:173,Voting.performUpkeep
FNDA:14,Voting.performUpkeep
DA:174,14
DA:176,14
BRDA:176,14,0,10
BRDA:176,14,1,4
DA:177,10
DA:178,10
DA:179,10
DA:180,4
BRDA:180,15,0,4
DA:181,4
DA:182,4
DA:186,0
FN:186,Voting.resetVotingRound
FNDA:0,Voting.resetVotingRound
DA:187,4
DA:188,4
DA:189,4
DA:190,4
DA:191,4
DA:193,4
DA:200,1
FN:200,Voting.getQulifiedVoters
FNDA:1,Voting.getQulifiedVoters
DA:201,1
DA:204,0
FN:204,Voting.getVoters
FNDA:0,Voting.getVoters
DA:205,0
DA:208,1
FN:208,Voting.getQulifiedVotersLength
FNDA:1,Voting.getQulifiedVotersLength
DA:209,1
DA:212,15
FN:212,Voting.getAdmin
FNDA:15,Voting.getAdmin
DA:213,15
DA:216,1
FN:216,Voting.getRecentWinner
FNDA:1,Voting.getRecentWinner
DA:217,1
DA:220,3
FN:220,Voting.getCurrentVotingStatus
FNDA:3,Voting.getCurrentVotingStatus
DA:221,3
FNF:15
FNH:13
LF:83
LH:75
BRF:20
BRH:15
end_of_record
